<?xml version="1.0" encoding="UTF-8"?>
<coverage generated="1714487640715" clover="3.2.0">
  <project timestamp="1714487640716" name="All files">
    <metrics statements="14" coveredstatements="9" conditionals="1" coveredconditionals="1" methods="2" coveredmethods="1" elements="17" coveredelements="11" complexity="0" loc="14" ncloc="14" packages="1" files="1" classes="1"/>
    <file name="module.js" path="C:\Users\ninte\OneDrive\Desktop\repooo\guzman-AR\Parcial3\TestJestMock\src\module.js">
      <metrics statements="14" coveredstatements="9" conditionals="1" coveredconditionals="1" methods="2" coveredmethods="1"/>
      <line num="1" count="1" type="stmt"/>
      <line num="2" count="1" type="cond" truecount="1" falsecount="0"/>
      <line num="3" count="1" type="stmt"/>
      <line num="4" count="1" type="stmt"/>
      <line num="5" count="1" type="stmt"/>
      <line num="6" count="1" type="stmt"/>
      <line num="7" count="0" type="stmt"/>
      <line num="8" count="0" type="stmt"/>
      <line num="9" count="0" type="stmt"/>
      <line num="10" count="0" type="stmt"/>
      <line num="11" count="0" type="stmt"/>
      <line num="12" count="1" type="stmt"/>
      <line num="13" count="1" type="stmt"/>
      <line num="14" count="1" type="stmt"/>
    </file>
  </project>
</coverage>
